Using pre-set license
Built from 'trunk' branch; Version is '2020.2.0b2 (90b2443a8df1) revision 9482820'; Using compiler version '192528614'; Build Type 'Release'
OS: 'Windows 10  (10.0.0) 64bit' Language: 'da' Physical Memory: 16329 MB
BatchMode: 1, IsHumanControllingUs: 0, StartBugReporterOnCrash: 0, Is64bit: 1, IsPro: 0

 COMMAND LINE ARGUMENTS:
C:\Program Files\2020.2.0b2\Editor\Unity.exe
-adb2
-batchMode
-noUpm
-name
AssetImportWorker0
-projectPath
C:/Users/olive/Documents/Ship Ahoy
-logFile
Logs/AssetImportWorker0.log
-srvPort
56303
Successfully changed project path to: C:/Users/olive/Documents/Ship Ahoy
C:/Users/olive/Documents/Ship Ahoy
Using Asset Import Pipeline V2.
Refreshing native plugins compatible for Editor in 39.87 ms, found 0 plugins.
Preloading 0 native plugins for Editor in 0.00 ms.
Initialize engine version: 2020.2.0b2 (90b2443a8df1)
[Subsystems] Discovering subsystems at path C:/Program Files/2020.2.0b2/Editor/Data/Resources/UnitySubsystems
[Subsystems] Discovering subsystems at path C:/Users/olive/Documents/Ship Ahoy/Assets
GfxDevice: creating device client; threaded=0
[vulkan] LoadVulkanLibrary vulkan-1.dll[vulkan] Loaded instance function vkGetInstanceProcAddr
[vulkan] Loaded instance function vkGetInstanceProcAddr
[vulkan] Loaded instance function vkCreateInstance
[vulkan] Loaded instance function vkEnumerateInstanceExtensionProperties
[vulkan] Loaded instance function vkEnumerateInstanceLayerProperties
[vulkan] Loaded instance function vkEnumerateInstanceVersion
[Vulkan init] extensions: count=13
[Vulkan init] extensions: name=VK_KHR_device_group_creation, enabled=0
[Vulkan init] extensions: name=VK_KHR_external_fence_capabilities, enabled=0
[Vulkan init] extensions: name=VK_KHR_external_memory_capabilities, enabled=0
[Vulkan init] extensions: name=VK_KHR_external_semaphore_capabilities, enabled=0
[Vulkan init] extensions: name=VK_KHR_get_physical_device_properties2, enabled=1
[Vulkan init] extensions: name=VK_KHR_get_surface_capabilities2, enabled=0
[Vulkan init] extensions: name=VK_KHR_surface, enabled=1
[Vulkan init] extensions: name=VK_KHR_surface_protected_capabilities, enabled=0
[Vulkan init] extensions: name=VK_KHR_win32_surface, enabled=1
[Vulkan init] extensions: name=VK_EXT_debug_report, enabled=1
[Vulkan init] extensions: name=VK_EXT_debug_utils, enabled=0
[Vulkan init] extensions: name=VK_EXT_swapchain_colorspace, enabled=1
[Vulkan init] extensions: name=VK_NV_external_memory_capabilities, enabled=0
[vulkan] Loaded instance function vkDestroyInstance
[vulkan] Loaded instance function vkGetPhysicalDeviceProperties
[vulkan] Loaded instance function vkEnumeratePhysicalDevices
Vulkan detection: 2
[Vulkan init] extensions: count=13
[Vulkan init] extensions: name=VK_KHR_device_group_creation, enabled=0
[Vulkan init] extensions: name=VK_KHR_external_fence_capabilities, enabled=0
[Vulkan init] extensions: name=VK_KHR_external_memory_capabilities, enabled=0
[Vulkan init] extensions: name=VK_KHR_external_semaphore_capabilities, enabled=0
[Vulkan init] extensions: name=VK_KHR_get_physical_device_properties2, enabled=1
[Vulkan init] extensions: name=VK_KHR_get_surface_capabilities2, enabled=0
[Vulkan init] extensions: name=VK_KHR_surface, enabled=1
[Vulkan init] extensions: name=VK_KHR_surface_protected_capabilities, enabled=0
[Vulkan init] extensions: name=VK_KHR_win32_surface, enabled=1
[Vulkan init] extensions: name=VK_EXT_debug_report, enabled=1
[Vulkan init] extensions: name=VK_EXT_debug_utils, enabled=0
[Vulkan init] extensions: name=VK_EXT_swapchain_colorspace, enabled=1
[Vulkan init] extensions: name=VK_NV_external_memory_capabilities, enabled=0
[vulkan] Loaded instance function vkDestroyInstance
[vulkan] Loaded instance function vkGetPhysicalDeviceProperties
[vulkan] Loaded instance function vkEnumeratePhysicalDevices
[vulkan] Loaded instance function vkGetDeviceProcAddr
[vulkan] Loaded instance function vkGetPhysicalDeviceFeatures
[vulkan] Loaded instance function vkGetPhysicalDeviceFormatProperties
[vulkan] Loaded instance function vkGetPhysicalDeviceImageFormatProperties
[vulkan] Loaded instance function vkGetPhysicalDeviceQueueFamilyProperties
[vulkan] Loaded instance function vkGetPhysicalDeviceMemoryProperties
[vulkan] Loaded instance function vkCreateDevice
[vulkan] Loaded instance function vkEnumerateDeviceExtensionProperties
[vulkan] Loaded instance function vkEnumerateDeviceLayerProperties
[vulkan] Loaded instance function vkGetPhysicalDeviceSparseImageFormatProperties
[vulkan] Loaded instance function vkDestroySurfaceKHR
[vulkan] Loaded instance function vkGetPhysicalDeviceSurfaceSupportKHR
[vulkan] Loaded instance function vkGetPhysicalDeviceSurfaceCapabilitiesKHR
[vulkan] Loaded instance function vkGetPhysicalDeviceSurfaceFormatsKHR
[vulkan] Loaded instance function vkGetPhysicalDeviceSurfacePresentModesKHR
[vulkan] Loaded instance function vkCreateSwapchainKHR
[vulkan] Loaded instance function vkDestroySwapchainKHR
[vulkan] Loaded instance function vkGetSwapchainImagesKHR
[vulkan] Loaded instance function vkAcquireNextImageKHR
[vulkan] Loaded instance function vkQueuePresentKHR
[vulkan] Loaded instance function vkGetPhysicalDeviceDisplayPropertiesKHR
[vulkan] Loaded instance function vkGetPhysicalDeviceDisplayPlanePropertiesKHR
[vulkan] Loaded instance function vkGetDisplayPlaneSupportedDisplaysKHR
[vulkan] Loaded instance function vkGetDisplayModePropertiesKHR
[vulkan] Loaded instance function vkCreateDisplayModeKHR
[vulkan] Loaded instance function vkGetDisplayPlaneCapabilitiesKHR
[vulkan] Loaded instance function vkCreateDisplayPlaneSurfaceKHR
[vulkan] Loaded instance function vkCreateSharedSwapchainsKHR
[vulkan] Loaded instance function vkCreateWin32SurfaceKHR
[vulkan] Loaded instance function vkGetPhysicalDeviceWin32PresentationSupportKHR
[vulkan] Loaded instance function vkSetHdrMetadataEXT
[vulkan] Loaded instance function vkGetPhysicalDeviceFeatures2KHR
[vulkan] Loaded instance function vkGetPhysicalDeviceProperties2KHR
[vulkan] Loaded instance function vkGetPhysicalDeviceFormatProperties2KHR
[vulkan] Loaded instance function vkGetPhysicalDeviceImageFormatProperties2KHR
[vulkan] Loaded instance function vkGetPhysicalDeviceQueueFamilyProperties2KHR
[vulkan] Loaded instance function vkGetPhysicalDeviceMemoryProperties2KHR
[vulkan] Loaded instance function vkGetPhysicalDeviceSparseImageFormatProperties2KHR
[Vulkan init] SelectPhysicalDevice requestedDeviceIndex=-1 xrDevice=0000000000000000
[Vulkan init] Physical Device 000001FEB9AB73B0 [0]: "GeForce GTX 970" deviceType=2 vendorID=10de deviceID=13c2
[Vulkan init] Selected physical device 000001FEB9AB73B0
[Vulkan init] Graphics queue count=1
[Vulkan init] extensions: count=102
[Vulkan init] extensions: name=VK_KHR_16bit_storage, enabled=0
[Vulkan init] extensions: name=VK_KHR_8bit_storage, enabled=0
[Vulkan init] extensions: name=VK_KHR_bind_memory2, enabled=0
[Vulkan init] extensions: name=VK_KHR_buffer_device_address, enabled=0
[Vulkan init] extensions: name=VK_KHR_create_renderpass2, enabled=1
[Vulkan init] extensions: name=VK_KHR_dedicated_allocation, enabled=1
[Vulkan init] extensions: name=VK_KHR_depth_stencil_resolve, enabled=1
[Vulkan init] extensions: name=VK_KHR_descriptor_update_template, enabled=1
[Vulkan init] extensions: name=VK_KHR_device_group, enabled=0
[Vulkan init] extensions: name=VK_KHR_draw_indirect_count, enabled=0
[Vulkan init] extensions: name=VK_KHR_driver_properties, enabled=0
[Vulkan init] extensions: name=VK_KHR_external_fence, enabled=0
[Vulkan init] extensions: name=VK_KHR_external_fence_win32, enabled=0
[Vulkan init] extensions: name=VK_KHR_external_memory, enabled=0
[Vulkan init] extensions: name=VK_KHR_external_memory_win32, enabled=0
[Vulkan init] extensions: name=VK_KHR_external_semaphore, enabled=0
[Vulkan init] extensions: name=VK_KHR_external_semaphore_win32, enabled=0
[Vulkan init] extensions: name=VK_KHR_get_memory_requirements2, enabled=1
[Vulkan init] extensions: name=VK_KHR_image_format_list, enabled=1
[Vulkan init] extensions: name=VK_KHR_imageless_framebuffer, enabled=0
[Vulkan init] extensions: name=VK_KHR_maintenance1, enabled=1
[Vulkan init] extensions: name=VK_KHR_maintenance2, enabled=1
[Vulkan init] extensions: name=VK_KHR_maintenance3, enabled=0
[Vulkan init] extensions: name=VK_KHR_multiview, enabled=1
[Vulkan init] extensions: name=VK_KHR_pipeline_executable_properties, enabled=0
[Vulkan init] extensions: name=VK_KHR_push_descriptor, enabled=0
[Vulkan init] extensions: name=VK_KHR_relaxed_block_layout, enabled=0
[Vulkan init] extensions: name=VK_KHR_sampler_mirror_clamp_to_edge, enabled=1
[Vulkan init] extensions: name=VK_KHR_sampler_ycbcr_conversion, enabled=0
[Vulkan init] extensions: name=VK_KHR_separate_depth_stencil_layouts, enabled=0
[Vulkan init] extensions: name=VK_KHR_shader_atomic_int64, enabled=0
[Vulkan init] extensions: name=VK_KHR_shader_clock, enabled=0
[Vulkan init] extensions: name=VK_KHR_shader_draw_parameters, enabled=0
[Vulkan init] extensions: name=VK_KHR_shader_float16_int8, enabled=0
[Vulkan init] extensions: name=VK_KHR_shader_float_controls, enabled=0
[Vulkan init] extensions: name=VK_KHR_shader_non_semantic_info, enabled=0
[Vulkan init] extensions: name=VK_KHR_shader_subgroup_extended_types, enabled=0
[Vulkan init] extensions: name=VK_KHR_spirv_1_4, enabled=0
[Vulkan init] extensions: name=VK_KHR_storage_buffer_storage_class, enabled=0
[Vulkan init] extensions: name=VK_KHR_swapchain, enabled=1
[Vulkan init] extensions: name=VK_KHR_swapchain_mutable_format, enabled=0
[Vulkan init] extensions: name=VK_KHR_timeline_semaphore, enabled=0
[Vulkan init] extensions: name=VK_KHR_uniform_buffer_standard_layout, enabled=0
[Vulkan init] extensions: name=VK_KHR_variable_pointers, enabled=0
[Vulkan init] extensions: name=VK_KHR_vulkan_memory_model, enabled=0
[Vulkan init] extensions: name=VK_KHR_win32_keyed_mutex, enabled=0
[Vulkan init] extensions: name=VK_EXT_blend_operation_advanced, enabled=0
[Vulkan init] extensions: name=VK_EXT_buffer_device_address, enabled=0
[Vulkan init] extensions: name=VK_EXT_calibrated_timestamps, enabled=0
[Vulkan init] extensions: name=VK_EXT_conditional_rendering, enabled=0
[Vulkan init] extensions: name=VK_EXT_conservative_rasterization, enabled=1
[Vulkan init] extensions: name=VK_EXT_custom_border_color, enabled=0
[Vulkan init] extensions: name=VK_EXT_depth_clip_enable, enabled=0
[Vulkan init] extensions: name=VK_EXT_depth_range_unrestricted, enabled=0
[Vulkan init] extensions: name=VK_EXT_descriptor_indexing, enabled=0
[Vulkan init] extensions: name=VK_EXT_discard_rectangles, enabled=0
[Vulkan init] extensions: name=VK_EXT_external_memory_host, enabled=0
[Vulkan init] extensions: name=VK_EXT_fragment_shader_interlock, enabled=0
[Vulkan init] extensions: name=VK_EXT_full_screen_exclusive, enabled=0
[Vulkan init] extensions: name=VK_EXT_hdr_metadata, enabled=1
[Vulkan init] extensions: name=VK_EXT_host_query_reset, enabled=0
[Vulkan init] extensions: name=VK_EXT_index_type_uint8, enabled=0
[Vulkan init] extensions: name=VK_EXT_inline_uniform_block, enabled=0
[Vulkan init] extensions: name=VK_EXT_line_rasterization, enabled=0
[Vulkan init] extensions: name=VK_EXT_memory_budget, enabled=0
[Vulkan init] extensions: name=VK_EXT_memory_priority, enabled=0
[Vulkan init] extensions: name=VK_EXT_pci_bus_info, enabled=0
[Vulkan init] extensions: name=VK_EXT_pipeline_creation_feedback, enabled=0
[Vulkan init] extensions: name=VK_EXT_post_depth_coverage, enabled=0
[Vulkan init] extensions: name=VK_EXT_sample_locations, enabled=0
[Vulkan init] extensions: name=VK_EXT_sampler_filter_minmax, enabled=0
[Vulkan init] extensions: name=VK_EXT_scalar_block_layout, enabled=0
[Vulkan init] extensions: name=VK_EXT_separate_stencil_usage, enabled=0
[Vulkan init] extensions: name=VK_EXT_shader_demote_to_helper_invocation, enabled=0
[Vulkan init] extensions: name=VK_EXT_shader_subgroup_ballot, enabled=0
[Vulkan init] extensions: name=VK_EXT_shader_subgroup_vote, enabled=0
[Vulkan init] extensions: name=VK_EXT_shader_viewport_index_layer, enabled=1
[Vulkan init] extensions: name=VK_EXT_subgroup_size_control, enabled=0
[Vulkan init] extensions: name=VK_EXT_texel_buffer_alignment, enabled=0
[Vulkan init] extensions: name=VK_EXT_tooling_info, enabled=0
[Vulkan init] extensions: name=VK_EXT_transform_feedback, enabled=0
[Vulkan init] extensions: name=VK_EXT_vertex_attribute_divisor, enabled=0
[Vulkan init] extensions: name=VK_EXT_ycbcr_image_arrays, enabled=0
[Vulkan init] extensions: name=VK_NV_coverage_reduction_mode, enabled=0
[Vulkan init] extensions: name=VK_NV_dedicated_allocation, enabled=0
[Vulkan init] extensions: name=VK_NV_dedicated_allocation_image_aliasing, enabled=0
[Vulkan init] extensions: name=VK_NV_device_diagnostic_checkpoints, enabled=0
[Vulkan init] extensions: name=VK_NV_device_diagnostics_config, enabled=0
[Vulkan init] extensions: name=VK_NV_external_memory, enabled=0
[Vulkan init] extensions: name=VK_NV_external_memory_win32, enabled=0
[Vulkan init] extensions: name=VK_NV_fill_rectangle, enabled=0
[Vulkan init] extensions: name=VK_NV_fragment_coverage_to_color, enabled=0
[Vulkan init] extensions: name=VK_NV_framebuffer_mixed_samples, enabled=0
[Vulkan init] extensions: name=VK_NV_geometry_shader_passthrough, enabled=0
[Vulkan init] extensions: name=VK_NV_sample_mask_override_coverage, enabled=0
[Vulkan init] extensions: name=VK_NV_shader_sm_builtins, enabled=0
[Vulkan init] extensions: name=VK_NV_shader_subgroup_partitioned, enabled=0
[Vulkan init] extensions: name=VK_NV_viewport_array2, enabled=0
[Vulkan init] extensions: name=VK_NV_viewport_swizzle, enabled=0
[Vulkan init] extensions: name=VK_NV_win32_keyed_mutex, enabled=0
[Vulkan init] extensions: name=VK_NVX_device_generated_commands, enabled=0
[Vulkan init] extensions: name=VK_NVX_multiview_per_view_attributes, enabled=0
[vulkan] Loaded device function vkDestroyDevice
[vulkan] Loaded device function vkGetDeviceQueue
[vulkan] Loaded device function vkQueueSubmit
[vulkan] Loaded device function vkQueueWaitIdle
[vulkan] Loaded device function vkDeviceWaitIdle
[vulkan] Loaded device function vkAllocateMemory
[vulkan] Loaded device function vkFreeMemory
[vulkan] Loaded device function vkMapMemory
[vulkan] Loaded device function vkUnmapMemory
[vulkan] Loaded device function vkFlushMappedMemoryRanges
[vulkan] Loaded device function vkInvalidateMappedMemoryRanges
[vulkan] Loaded device function vkGetDeviceMemoryCommitment
[vulkan] Loaded device function vkBindBufferMemory
[vulkan] Loaded device function vkBindImageMemory
[vulkan] Loaded device function vkGetBufferMemoryRequirements
[vulkan] Loaded device function vkGetImageMemoryRequirements
[vulkan] Loaded device function vkGetImageSparseMemoryRequirements
[vulkan] Loaded device function vkQueueBindSparse
[vulkan] Loaded device function vkCreateFence
[vulkan] Loaded device function vkDestroyFence
[vulkan] Loaded device function vkResetFences
[vulkan] Loaded device function vkGetFenceStatus
[vulkan] Loaded device function vkWaitForFences
[vulkan] Loaded device function vkCreateSemaphore
[vulkan] Loaded device function vkDestroySemaphore
[vulkan] Loaded device function vkCreateEvent
[vulkan] Loaded device function vkDestroyEvent
[vulkan] Loaded device function vkGetEventStatus
[vulkan] Loaded device function vkSetEvent
[vulkan] Loaded device function vkResetEvent
[vulkan] Loaded device function vkCreateQueryPool
[vulkan] Loaded device function vkDestroyQueryPool
[vulkan] Loaded device function vkGetQueryPoolResults
[vulkan] Loaded device function vkCreateBuffer
[vulkan] Loaded device function vkDestroyBuffer
[vulkan] Loaded device function vkCreateBufferView
[vulkan] Loaded device function vkDestroyBufferView
[vulkan] Loaded device function vkCreateImage
[vulkan] Loaded device function vkDestroyImage
[vulkan] Loaded device function vkGetImageSubresourceLayout
[vulkan] Loaded device function vkCreateImageView
[vulkan] Loaded device function vkDestroyImageView
[vulkan] Loaded device function vkCreateShaderModule
[vulkan] Loaded device function vkDestroyShaderModule
[vulkan] Loaded device function vkCreatePipelineCache
[vulkan] Loaded device function vkDestroyPipelineCache
[vulkan] Loaded device function vkGetPipelineCacheData
[vulkan] Loaded device function vkMergePipelineCaches
[vulkan] Loaded device function vkCreateGraphicsPipelines
[vulkan] Loaded device function vkCreateComputePipelines
[vulkan] Loaded device function vkDestroyPipeline
[vulkan] Loaded device function vkCreatePipelineLayout
[vulkan] Loaded device function vkDestroyPipelineLayout
[vulkan] Loaded device function vkCreateSampler
[vulkan] Loaded device function vkDestroySampler
[vulkan] Loaded device function vkCreateDescriptorSetLayout
[vulkan] Loaded device function vkDestroyDescriptorSetLayout
[vulkan] Loaded device function vkCreateDescriptorPool
[vulkan] Loaded device function vkDestroyDescriptorPool
[vulkan] Loaded device function vkResetDescriptorPool
[vulkan] Loaded device function vkAllocateDescriptorSets
[vulkan] Loaded device function vkFreeDescriptorSets
[vulkan] Loaded device function vkUpdateDescriptorSets
[vulkan] Loaded device function vkCreateFramebuffer
[vulkan] Loaded device function vkDestroyFramebuffer
[vulkan] Loaded device function vkCreateRenderPass
[vulkan] Loaded device function vkDestroyRenderPass
[vulkan] Loaded device function vkGetRenderAreaGranularity
[vulkan] Loaded device function vkCreateCommandPool
[vulkan] Loaded device function vkDestroyCommandPool
[vulkan] Loaded device function vkResetCommandPool
[vulkan] Loaded device function vkAllocateCommandBuffers
[vulkan] Loaded device function vkFreeCommandBuffers
[vulkan] Loaded device function vkBeginCommandBuffer
[vulkan] Loaded device function vkEndCommandBuffer
[vulkan] Loaded device function vkResetCommandBuffer
[vulkan] Loaded device function vkCmdBindPipeline
[vulkan] Loaded device function vkCmdSetViewport
[vulkan] Loaded device function vkCmdSetScissor
[vulkan] Loaded device function vkCmdSetLineWidth
[vulkan] Loaded device function vkCmdSetDepthBias
[vulkan] Loaded device function vkCmdSetBlendConstants
[vulkan] Loaded device function vkCmdSetDepthBounds
[vulkan] Loaded device function vkCmdSetStencilCompareMask
[vulkan] Loaded device function vkCmdSetStencilWriteMask
[vulkan] Loaded device function vkCmdSetStencilReference
[vulkan] Loaded device function vkCmdBindDescriptorSets
[vulkan] Loaded device function vkCmdBindIndexBuffer
[vulkan] Loaded device function vkCmdBindVertexBuffers
[vulkan] Loaded device function vkCmdDraw
[vulkan] Loaded device function vkCmdDrawIndexed
[vulkan] Loaded device function vkCmdDrawIndirect
[vulkan] Loaded device function vkCmdDrawIndexedIndirect
[vulkan] Loaded device function vkCmdDispatch
[vulkan] Loaded device function vkCmdDispatchIndirect
[vulkan] Loaded device function vkCmdCopyBuffer
[vulkan] Loaded device function vkCmdCopyImage
[vulkan] Loaded device function vkCmdBlitImage
[vulkan] Loaded device function vkCmdCopyBufferToImage
[vulkan] Loaded device function vkCmdCopyImageToBuffer
[vulkan] Loaded device function vkCmdUpdateBuffer
[vulkan] Loaded device function vkCmdFillBuffer
[vulkan] Loaded device function vkCmdClearColorImage
[vulkan] Loaded device function vkCmdClearDepthStencilImage
[vulkan] Loaded device function vkCmdClearAttachments
[vulkan] Loaded device function vkCmdResolveImage
[vulkan] Loaded device function vkCmdSetEvent
[vulkan] Loaded device function vkCmdResetEvent
[vulkan] Loaded device function vkCmdWaitEvents
[vulkan] Loaded device function vkCmdPipelineBarrier
[vulkan] Loaded device function vkCmdBeginQuery
[vulkan] Loaded device function vkCmdEndQuery
[vulkan] Loaded device function vkCmdResetQueryPool
[vulkan] Loaded device function vkCmdWriteTimestamp
[vulkan] Loaded device function vkCmdCopyQueryPoolResults
[vulkan] Loaded device function vkCmdPushConstants
[vulkan] Loaded device function vkCmdBeginRenderPass
[vulkan] Loaded device function vkCmdNextSubpass
[vulkan] Loaded device function vkCmdEndRenderPass
[vulkan] Loaded device function vkCmdExecuteCommands
[vulkan] Loaded device function vkGetImageMemoryRequirements2KHR
[vulkan] Loaded device function vkGetBufferMemoryRequirements2KHR
[vulkan] Loaded device function vkGetImageSparseMemoryRequirements2KHR
[vulkan] Loaded device function vkCreateDescriptorUpdateTemplateKHR
[vulkan] Loaded device function vkDestroyDescriptorUpdateTemplateKHR
[vulkan] Loaded device function vkUpdateDescriptorSetWithTemplateKHR
[vulkan] Loaded device function vkCmdBeginRenderPass2KHR
[vulkan] Loaded device function vkCmdEndRenderPass2KHR
[vulkan] Loaded device function vkCmdNextSubpass2KHR
[vulkan] Loaded device function vkCreateRenderPass2KHR
[vulkan] Failed to load device function vkDebugMarkerSetObjectTagEXT
[vulkan] Loaded instance function vkDebugMarkerSetObjectTagEXT
[vulkan] Failed to load device function vkDebugMarkerSetObjectNameEXT
[vulkan] Loaded instance function vkDebugMarkerSetObjectNameEXT
[vulkan] Failed to load device function vkCmdDebugMarkerBeginEXT
[vulkan] Loaded instance function vkCmdDebugMarkerBeginEXT
[vulkan] Failed to load device function vkCmdDebugMarkerEndEXT
[vulkan] Loaded instance function vkCmdDebugMarkerEndEXT
[vulkan] Failed to load device function vkCmdDebugMarkerInsertEXT
[vulkan] Loaded instance function vkCmdDebugMarkerInsertEXT
Vulkan API version 1.1.0 (1.2.133 supported by driver, 1.1.0 requested)
Vulkan vendor=[NVIDIA] id=[10de]
Vulkan renderer=[GeForce GTX 970] id=[13c2]
Vulkan device type 2
Vulkan driverversion=[0x70d0c000] uint=[1892728832]
Vulkan PSO: Cache data successfully loaded [size=115041,path=C:/Users/olive/AppData/Local/Temp/DefaultCompany/Ship Ahoy/vulkan_pso_cache.bin]
Initialize mono
Mono path[0] = 'C:/Program Files/2020.2.0b2/Editor/Data/Managed'
Mono path[1] = 'C:/Program Files/2020.2.0b2/Editor/Data/MonoBleedingEdge/lib/mono/unityjit'
Mono config path = 'C:/Program Files/2020.2.0b2/Editor/Data/MonoBleedingEdge/etc'
Using monoOptions --debugger-agent=transport=dt_socket,embedding=1,server=y,suspend=n,address=127.0.0.1:56068
Begin MonoManager ReloadAssembly
Registering precompiled unity dll's ...
Register platform support module: C:/Program Files/2020.2.0b2/Editor/Data/PlaybackEngines/WindowsStandaloneSupport/UnityEditor.WindowsStandalone.Extensions.dll
Register platform support module: C:/Program Files/2020.2.0b2/Editor/Data/PlaybackEngines/LinuxStandaloneSupport/UnityEditor.LinuxStandalone.Extensions.dll
Registered in 0.001810 seconds.
Native extension for LinuxStandalone target not found
Native extension for WindowsStandalone target not found
Refreshing native plugins compatible for Editor in 34.77 ms, found 0 plugins.
Preloading 0 native plugins for Editor in 0.00 ms.
Invoked RoslynAnalysisRunner static constructor.
RoslynAnalysisRunner will not be running.
RoslynAnalysisRunner has terminated.
Mono: successfully reloaded assembly
- Completed reload, in  0.897 seconds
Registering precompiled user dll's ...
Registered in 0.082263 seconds.
Platform modules already initialized, skipping
Begin MonoManager ReloadAssembly
Symbol file LoadedFromMemory doesn't match image C:\Users\olive\Documents\Ship Ahoy\Library\PackageCache\com.unity.ext.nunit@1.0.0\net35\unity-custom\nunit.framework.dll
Native extension for LinuxStandalone target not found
Native extension for WindowsStandalone target not found
Refreshing native plugins compatible for Editor in 0.40 ms, found 0 plugins.
Preloading 0 native plugins for Editor in 0.00 ms.
Warning: Annotation not found!
UnityEngine.StackTraceUtility:ExtractStackTrace ()
UnityEditor.ProBuilder.EditorUtility:SetGizmoIconEnabled (System.Type,bool) (at Library/PackageCache/com.unity.probuilder@4.4.0/Editor/EditorCore/EditorUtility.cs:593)
UnityEditor.ProBuilder.HierarchyListener:.cctor () (at Library/PackageCache/com.unity.probuilder@4.4.0/Editor/EditorCore/HierarchyListener.cs:21)
System.Runtime.CompilerServices.RuntimeHelpers:RunClassConstructor (System.RuntimeTypeHandle)
UnityEditor.EditorAssemblies:ProcessInitializeOnLoadAttributes (System.Type[])

[Library/PackageCache/com.unity.probuilder@4.4.0/Editor/EditorCore/EditorUtility.cs line 593]

AssemblyPaths cannot be null or empty
at <empty>:line 0

AssemblyPaths cannot be null or empty
at <empty>:line 0

Invoked RoslynAnalysisRunner static constructor.
RoslynAnalysisRunner will not be running.
RoslynAnalysisRunner has terminated.
Mono: successfully reloaded assembly
- Completed reload, in  1.045 seconds
Platform modules already initialized, skipping
========================================================================
Worker process is ready to serve import requests
Launched and connected shader compiler UnityShaderCompiler.exe after 0.03 seconds
Refreshing native plugins compatible for Editor in 0.38 ms, found 0 plugins.
Preloading 0 native plugins for Editor in 0.00 ms.
Unloading 2218 Unused Serialized files (Serialized files now loaded: 0)
System memory in use before: 205.8 MB.
System memory in use after: 205.9 MB.

Unloading 12 unused Assets to reduce memory usage. Loaded Objects now: 2673.
Total: 2.704600 ms (FindLiveObjects: 0.363000 ms CreateObjectMapping: 0.157300 ms MarkObjects: 2.163100 ms  DeleteObjects: 0.020400 ms)

========================================================================
Received Import Request.
  path: Assets/Prefabs/Sea.prefab
  artifactKey: Guid(3609fc0060630f647a2d974ae5e31749) Importer(815301076,1909f56bfc062723c751e8b465ee728b)
Start importing Assets/Prefabs/Sea.prefab using Guid(3609fc0060630f647a2d974ae5e31749) Importer(815301076,1909f56bfc062723c751e8b465ee728b)  -> (artifact id: '0cc85fbe16fdd1a7593fdc0a39770168') in 0.060874 seconds
  Import took 0.064657 seconds .

========================================================================
Received Import Request.
  Time since last request: 0.056971 seconds.
  path: Assets/Prefabs/Sea.prefab
  artifactKey: Guid(3609fc0060630f647a2d974ae5e31749) Importer(815301076,1909f56bfc062723c751e8b465ee728b)
Start importing Assets/Prefabs/Sea.prefab using Guid(3609fc0060630f647a2d974ae5e31749) Importer(815301076,1909f56bfc062723c751e8b465ee728b)  -> (artifact id: '0cc85fbe16fdd1a7593fdc0a39770168') in 0.003208 seconds
  Import took 0.006947 seconds .

========================================================================
Received Import Request.
  Time since last request: 13.954963 seconds.
  path: Assets/Scenes/Menu.unity
  artifactKey: Guid(aa5e35719176ea8438196db5e499d8ed) Importer(815301076,1909f56bfc062723c751e8b465ee728b)
Start importing Assets/Scenes/Menu.unity using Guid(aa5e35719176ea8438196db5e499d8ed) Importer(815301076,1909f56bfc062723c751e8b465ee728b)  -> (artifact id: '4628c054314041d565b9454ae991b27b') in 0.045756 seconds
  Import took 0.049808 seconds .

========================================================================
Received Import Request.
  Time since last request: 264.241057 seconds.
  path: Assets/Scenes/Menu.unity
  artifactKey: Guid(aa5e35719176ea8438196db5e499d8ed) Importer(815301076,1909f56bfc062723c751e8b465ee728b)
Start importing Assets/Scenes/Menu.unity using Guid(aa5e35719176ea8438196db5e499d8ed) Importer(815301076,1909f56bfc062723c751e8b465ee728b)  -> (artifact id: '91fa9a93f8f4ced51644d1bb9491d43e') in 0.002766 seconds
  Import took 0.007136 seconds .

========================================================================
Received Import Request.
  Time since last request: 2.210481 seconds.
  path: Assets/Scenes/Menu.unity
  artifactKey: Guid(aa5e35719176ea8438196db5e499d8ed) Importer(815301076,1909f56bfc062723c751e8b465ee728b)
Start importing Assets/Scenes/Menu.unity using Guid(aa5e35719176ea8438196db5e499d8ed) Importer(815301076,1909f56bfc062723c751e8b465ee728b)  -> (artifact id: '7c93f95d4edeb950b0839b98aad66100') in 0.002423 seconds
  Import took 0.017626 seconds .

========================================================================
Received Import Request.
  Time since last request: 43.118544 seconds.
  path: Assets/Scripts/GameManager.cs
  artifactKey: Guid(18b3b21bc82068f41a287a6fcc4f4989) Importer(815301076,1909f56bfc062723c751e8b465ee728b)
Start importing Assets/Scripts/GameManager.cs using Guid(18b3b21bc82068f41a287a6fcc4f4989) Importer(815301076,1909f56bfc062723c751e8b465ee728b)  -> (artifact id: '0e8296db266fcb20b8e15ee4e309d640') in 0.008405 seconds
  Import took 0.012268 seconds .

========================================================================
Received Import Request.
  Time since last request: 0.011960 seconds.
  path: Assets/Scripts/IShip.cs
  artifactKey: Guid(d84390af8443e4842a7830f0347bbfa9) Importer(815301076,1909f56bfc062723c751e8b465ee728b)
Start importing Assets/Scripts/IShip.cs using Guid(d84390af8443e4842a7830f0347bbfa9) Importer(815301076,1909f56bfc062723c751e8b465ee728b)  -> (artifact id: '794822d1b423c9f8fc0eb36381913571') in 0.005071 seconds
  Import took 0.009093 seconds .

========================================================================
Received Import Request.
  Time since last request: 0.000159 seconds.
  path: Assets/Scripts/UIManager.cs
  artifactKey: Guid(4c408adde31d5dd4c97f2a2b904fc2e5) Importer(815301076,1909f56bfc062723c751e8b465ee728b)
Start importing Assets/Scripts/UIManager.cs using Guid(4c408adde31d5dd4c97f2a2b904fc2e5) Importer(815301076,1909f56bfc062723c751e8b465ee728b)  -> (artifact id: '86224a7b4113245197dd0483ff9dba36') in 0.006043 seconds
  Import took 0.009563 seconds .

========================================================================
Received Import Request.
  Time since last request: 0.006067 seconds.
  path: Assets/Scripts/UIManager.cs
  artifactKey: Guid(4c408adde31d5dd4c97f2a2b904fc2e5) Importer(815301076,1909f56bfc062723c751e8b465ee728b)
Start importing Assets/Scripts/UIManager.cs using Guid(4c408adde31d5dd4c97f2a2b904fc2e5) Importer(815301076,1909f56bfc062723c751e8b465ee728b)  -> (artifact id: '86224a7b4113245197dd0483ff9dba36') in 0.001984 seconds
  Import took 0.005755 seconds .

========================================================================
Received Prepare
Reloading mono domain
Begin MonoManager ReloadAssembly
Registering precompiled unity dll's ...
Register platform support module: C:/Program Files/2020.2.0b2/Editor/Data/PlaybackEngines/WindowsStandaloneSupport/UnityEditor.WindowsStandalone.Extensions.dll
Register platform support module: C:/Program Files/2020.2.0b2/Editor/Data/PlaybackEngines/LinuxStandaloneSupport/UnityEditor.LinuxStandalone.Extensions.dll
Registered in 0.001659 seconds.
Symbol file LoadedFromMemory doesn't match image C:\Users\olive\Documents\Ship Ahoy\Library\PackageCache\com.unity.ext.nunit@1.0.0\net35\unity-custom\nunit.framework.dll
Native extension for LinuxStandalone target not found
Native extension for WindowsStandalone target not found
Refreshing native plugins compatible for Editor in 58.96 ms, found 0 plugins.
Preloading 0 native plugins for Editor in 0.00 ms.
Invoked RoslynAnalysisRunner static constructor.
RoslynAnalysisRunner will not be running.
RoslynAnalysisRunner has terminated.
Mono: successfully reloaded assembly
- Completed reload, in  1.271 seconds
Registering precompiled user dll's ...
Registered in 0.088039 seconds.
Platform modules already initialized, skipping
Begin MonoManager ReloadAssembly
Symbol file LoadedFromMemory doesn't match image C:\Users\olive\Documents\Ship Ahoy\Library\PackageCache\com.unity.ext.nunit@1.0.0\net35\unity-custom\nunit.framework.dll
Native extension for LinuxStandalone target not found
Native extension for WindowsStandalone target not found
Refreshing native plugins compatible for Editor in 0.43 ms, found 0 plugins.
Preloading 0 native plugins for Editor in 0.00 ms.
Invoked RoslynAnalysisRunner static constructor.
RoslynAnalysisRunner will not be running.
RoslynAnalysisRunner has terminated.
Mono: successfully reloaded assembly
- Completed reload, in  1.227 seconds
Platform modules already initialized, skipping
Refreshing native plugins compatible for Editor in 0.40 ms, found 0 plugins.
Preloading 0 native plugins for Editor in 0.00 ms.
Unloading 80 Unused Serialized files (Serialized files now loaded: 0)
System memory in use before: 161.7 MB.
System memory in use after: 161.9 MB.

Unloading 79 unused Assets to reduce memory usage. Loaded Objects now: 2681.
Total: 2.691900 ms (FindLiveObjects: 0.521200 ms CreateObjectMapping: 0.109600 ms MarkObjects: 2.008700 ms  DeleteObjects: 0.051300 ms)

========================================================================
Received Import Request.
  Time since last request: 274.492648 seconds.
  path: Assets/Scripts/EnemyShip.cs
  artifactKey: Guid(a066a0e8d58662a448e8553a7c26d1d6) Importer(815301076,1909f56bfc062723c751e8b465ee728b)
Start importing Assets/Scripts/EnemyShip.cs using Guid(a066a0e8d58662a448e8553a7c26d1d6) Importer(815301076,1909f56bfc062723c751e8b465ee728b)  -> (artifact id: 'b8c48fd54db3478f5268110bdbef56bd') in 0.005539 seconds
  Import took 0.009014 seconds .

========================================================================
Received Import Request.
  Time since last request: 30.360609 seconds.
  path: Assets/Prefabs/EnemyPrefab.prefab
  artifactKey: Guid(0fe1be1db2a39d248b17ccd2ab972b19) Importer(815301076,1909f56bfc062723c751e8b465ee728b)
Start importing Assets/Prefabs/EnemyPrefab.prefab using Guid(0fe1be1db2a39d248b17ccd2ab972b19) Importer(815301076,1909f56bfc062723c751e8b465ee728b)  -> (artifact id: '3f7aa95aa21de550bf778432094867d5') in 0.136156 seconds
  Import took 0.142198 seconds .

========================================================================
Received Import Request.
  Time since last request: 15.772445 seconds.
  path: Assets/Prefabs/EnemyPrefab.prefab
  artifactKey: Guid(0fe1be1db2a39d248b17ccd2ab972b19) Importer(815301076,1909f56bfc062723c751e8b465ee728b)
Start importing Assets/Prefabs/EnemyPrefab.prefab using Guid(0fe1be1db2a39d248b17ccd2ab972b19) Importer(815301076,1909f56bfc062723c751e8b465ee728b)  -> (artifact id: 'f9505209fa632b8d33cf22d2b5ce4953') in 0.033116 seconds
  Import took 0.038335 seconds .

========================================================================
Received Import Request.
  Time since last request: 5.345865 seconds.
  path: Assets/Prefabs/EnemyPrefab.prefab
  artifactKey: Guid(0fe1be1db2a39d248b17ccd2ab972b19) Importer(815301076,1909f56bfc062723c751e8b465ee728b)
Start importing Assets/Prefabs/EnemyPrefab.prefab using Guid(0fe1be1db2a39d248b17ccd2ab972b19) Importer(815301076,1909f56bfc062723c751e8b465ee728b)  -> (artifact id: '57c2e7dd65c6fb3cc5ad443f655a4403') in 0.022991 seconds
  Import took 0.027682 seconds .

========================================================================
Received Import Request.
  Time since last request: 0.603073 seconds.
  path: Assets/Prefabs/EnemyPrefab.prefab
  artifactKey: Guid(0fe1be1db2a39d248b17ccd2ab972b19) Importer(815301076,1909f56bfc062723c751e8b465ee728b)
Start importing Assets/Prefabs/EnemyPrefab.prefab using Guid(0fe1be1db2a39d248b17ccd2ab972b19) Importer(815301076,1909f56bfc062723c751e8b465ee728b)  -> (artifact id: 'a999974ae1e456b0d15a250299746658') in 0.023042 seconds
  Import took 0.027464 seconds .

========================================================================
Received Import Request.
  Time since last request: 5.182889 seconds.
  path: Assets/Prefabs/EnemyPrefab.prefab
  artifactKey: Guid(0fe1be1db2a39d248b17ccd2ab972b19) Importer(815301076,1909f56bfc062723c751e8b465ee728b)
Start importing Assets/Prefabs/EnemyPrefab.prefab using Guid(0fe1be1db2a39d248b17ccd2ab972b19) Importer(815301076,1909f56bfc062723c751e8b465ee728b)  -> (artifact id: '804a735fff5834b394e864c2452e59d7') in 0.023294 seconds
  Import took 0.027750 seconds .

========================================================================
Received Import Request.
  Time since last request: 1.629329 seconds.
  path: Assets/Prefabs/EnemyPrefab.prefab
  artifactKey: Guid(0fe1be1db2a39d248b17ccd2ab972b19) Importer(815301076,1909f56bfc062723c751e8b465ee728b)
Start importing Assets/Prefabs/EnemyPrefab.prefab using Guid(0fe1be1db2a39d248b17ccd2ab972b19) Importer(815301076,1909f56bfc062723c751e8b465ee728b)  -> (artifact id: 'dff5597d08495a2eb7e941a9cd6250c9') in 0.022438 seconds
  Import took 0.028196 seconds .

========================================================================
Received Import Request.
  Time since last request: 14.915652 seconds.
  path: Assets/Prefabs/EnemyPrefab.prefab
  artifactKey: Guid(0fe1be1db2a39d248b17ccd2ab972b19) Importer(815301076,1909f56bfc062723c751e8b465ee728b)
Start importing Assets/Prefabs/EnemyPrefab.prefab using Guid(0fe1be1db2a39d248b17ccd2ab972b19) Importer(815301076,1909f56bfc062723c751e8b465ee728b)  -> (artifact id: 'acda369f21d0e38d380f360d4e8c321e') in 0.022673 seconds
  Import took 0.027335 seconds .

========================================================================
Received Import Request.
  Time since last request: 3.397054 seconds.
  path: Assets/Prefabs/EnemyPrefab.prefab
  artifactKey: Guid(0fe1be1db2a39d248b17ccd2ab972b19) Importer(815301076,1909f56bfc062723c751e8b465ee728b)
Start importing Assets/Prefabs/EnemyPrefab.prefab using Guid(0fe1be1db2a39d248b17ccd2ab972b19) Importer(815301076,1909f56bfc062723c751e8b465ee728b)  -> (artifact id: 'e5e46fef05ca923f7897a53b3897f2c1') in 0.027759 seconds
  Import took 0.042791 seconds .

========================================================================
Received Import Request.
  Time since last request: 8.831962 seconds.
  path: Assets/Prefabs/EnemyPrefab.prefab
  artifactKey: Guid(0fe1be1db2a39d248b17ccd2ab972b19) Importer(815301076,1909f56bfc062723c751e8b465ee728b)
Start importing Assets/Prefabs/EnemyPrefab.prefab using Guid(0fe1be1db2a39d248b17ccd2ab972b19) Importer(815301076,1909f56bfc062723c751e8b465ee728b)  -> (artifact id: '8a3a4fea6944fe8e6f56d7dc8d7b1bcb') in 0.028298 seconds
  Import took 0.033661 seconds .

========================================================================
Received Import Request.
  Time since last request: 8.621052 seconds.
  path: Assets/Prefabs/EnemyPrefab.prefab
  artifactKey: Guid(0fe1be1db2a39d248b17ccd2ab972b19) Importer(815301076,1909f56bfc062723c751e8b465ee728b)
Start importing Assets/Prefabs/EnemyPrefab.prefab using Guid(0fe1be1db2a39d248b17ccd2ab972b19) Importer(815301076,1909f56bfc062723c751e8b465ee728b)  -> (artifact id: '343728373e60296f3c1eb94e134c9d35') in 0.027760 seconds
  Import took 0.032229 seconds .

========================================================================
Received Import Request.
  Time since last request: 10.658113 seconds.
  path: Assets/Prefabs/EnemyPrefab.prefab
  artifactKey: Guid(0fe1be1db2a39d248b17ccd2ab972b19) Importer(815301076,1909f56bfc062723c751e8b465ee728b)
Start importing Assets/Prefabs/EnemyPrefab.prefab using Guid(0fe1be1db2a39d248b17ccd2ab972b19) Importer(815301076,1909f56bfc062723c751e8b465ee728b)  -> (artifact id: '379f6ec4ab665827e806fb08c47a9dda') in 0.029193 seconds
  Import took 0.035329 seconds .

========================================================================
Received Import Request.
  Time since last request: 4.377821 seconds.
  path: Assets/Prefabs/EnemyPrefab.prefab
  artifactKey: Guid(0fe1be1db2a39d248b17ccd2ab972b19) Importer(815301076,1909f56bfc062723c751e8b465ee728b)
Start importing Assets/Prefabs/EnemyPrefab.prefab using Guid(0fe1be1db2a39d248b17ccd2ab972b19) Importer(815301076,1909f56bfc062723c751e8b465ee728b)  -> (artifact id: 'fe052f8d0555b28f99d5a6f5f64eb861') in 0.029022 seconds
  Import took 0.033753 seconds .

========================================================================
Received Import Request.
  Time since last request: 4.630271 seconds.
  path: Assets/Prefabs/EnemyPrefab.prefab
  artifactKey: Guid(0fe1be1db2a39d248b17ccd2ab972b19) Importer(815301076,1909f56bfc062723c751e8b465ee728b)
Start importing Assets/Prefabs/EnemyPrefab.prefab using Guid(0fe1be1db2a39d248b17ccd2ab972b19) Importer(815301076,1909f56bfc062723c751e8b465ee728b)  -> (artifact id: 'b2f6a76611210c77c3ac1580cfbeb9af') in 0.027565 seconds
  Import took 0.032453 seconds .

========================================================================
Received Import Request.
  Time since last request: 7.200272 seconds.
  path: Assets/Prefabs/EnemyPrefab.prefab
  artifactKey: Guid(0fe1be1db2a39d248b17ccd2ab972b19) Importer(815301076,1909f56bfc062723c751e8b465ee728b)
Start importing Assets/Prefabs/EnemyPrefab.prefab using Guid(0fe1be1db2a39d248b17ccd2ab972b19) Importer(815301076,1909f56bfc062723c751e8b465ee728b)  -> (artifact id: 'd0014e304daa7bf2d66bba577cf890af') in 0.027731 seconds
  Import took 0.032829 seconds .

========================================================================
Received Import Request.
  Time since last request: 7.782065 seconds.
  path: Assets/Prefabs/EnemyPrefab.prefab
  artifactKey: Guid(0fe1be1db2a39d248b17ccd2ab972b19) Importer(815301076,1909f56bfc062723c751e8b465ee728b)
Start importing Assets/Prefabs/EnemyPrefab.prefab using Guid(0fe1be1db2a39d248b17ccd2ab972b19) Importer(815301076,1909f56bfc062723c751e8b465ee728b)  -> (artifact id: '8a4d1c95d6d1592b1599d81b8699e0d0') in 0.030384 seconds
  Import took 0.035731 seconds .

========================================================================
Received Import Request.
  Time since last request: 4.789958 seconds.
  path: Assets/Prefabs/EnemyPrefab.prefab
  artifactKey: Guid(0fe1be1db2a39d248b17ccd2ab972b19) Importer(815301076,1909f56bfc062723c751e8b465ee728b)
Start importing Assets/Prefabs/EnemyPrefab.prefab using Guid(0fe1be1db2a39d248b17ccd2ab972b19) Importer(815301076,1909f56bfc062723c751e8b465ee728b)  -> (artifact id: '30781485d7c4cc0b9f3d43e7f29cbc07') in 0.027446 seconds
  Import took 0.033178 seconds .

========================================================================
Received Import Request.
  Time since last request: 2.787703 seconds.
  path: Assets/Prefabs/EnemyPrefab.prefab
  artifactKey: Guid(0fe1be1db2a39d248b17ccd2ab972b19) Importer(815301076,1909f56bfc062723c751e8b465ee728b)
Start importing Assets/Prefabs/EnemyPrefab.prefab using Guid(0fe1be1db2a39d248b17ccd2ab972b19) Importer(815301076,1909f56bfc062723c751e8b465ee728b)  -> (artifact id: '6f014a7f194ded3bf42e2c8e2c8f9fd7') in 0.028475 seconds
  Import took 0.033162 seconds .

========================================================================
Received Import Request.
  Time since last request: 5.174398 seconds.
  path: Assets/Prefabs/EnemyPrefab.prefab
  artifactKey: Guid(0fe1be1db2a39d248b17ccd2ab972b19) Importer(815301076,1909f56bfc062723c751e8b465ee728b)
Start importing Assets/Prefabs/EnemyPrefab.prefab using Guid(0fe1be1db2a39d248b17ccd2ab972b19) Importer(815301076,1909f56bfc062723c751e8b465ee728b)  -> (artifact id: '31c8d69d43569c4578d8de699c6957f8') in 0.026315 seconds
  Import took 0.030947 seconds .

========================================================================
Received Import Request.
  Time since last request: 2.568457 seconds.
  path: Assets/Prefabs/EnemyPrefab.prefab
  artifactKey: Guid(0fe1be1db2a39d248b17ccd2ab972b19) Importer(815301076,1909f56bfc062723c751e8b465ee728b)
Start importing Assets/Prefabs/EnemyPrefab.prefab using Guid(0fe1be1db2a39d248b17ccd2ab972b19) Importer(815301076,1909f56bfc062723c751e8b465ee728b)  -> (artifact id: 'c832b1a5986b9a24982b4074220dacaf') in 0.029473 seconds
  Import took 0.034793 seconds .

========================================================================
Received Import Request.
  Time since last request: 8.471856 seconds.
  path: Assets/Prefabs/EnemyPrefab.prefab
  artifactKey: Guid(0fe1be1db2a39d248b17ccd2ab972b19) Importer(815301076,1909f56bfc062723c751e8b465ee728b)
Start importing Assets/Prefabs/EnemyPrefab.prefab using Guid(0fe1be1db2a39d248b17ccd2ab972b19) Importer(815301076,1909f56bfc062723c751e8b465ee728b)  -> (artifact id: '85e8b489bfc0fc4d225e59e604fe5e61') in 0.025380 seconds
  Import took 0.030723 seconds .

========================================================================
Received Import Request.
  Time since last request: 13.183877 seconds.
  path: Assets/Prefabs/EnemyPrefab.prefab
  artifactKey: Guid(0fe1be1db2a39d248b17ccd2ab972b19) Importer(815301076,1909f56bfc062723c751e8b465ee728b)
Start importing Assets/Prefabs/EnemyPrefab.prefab using Guid(0fe1be1db2a39d248b17ccd2ab972b19) Importer(815301076,1909f56bfc062723c751e8b465ee728b)  -> (artifact id: 'd09fca8677b01311a3717597f64205eb') in 0.032162 seconds
  Import took 0.047110 seconds .

========================================================================
Received Prepare
Reloading mono domain
Begin MonoManager ReloadAssembly
Registering precompiled unity dll's ...
Register platform support module: C:/Program Files/2020.2.0b2/Editor/Data/PlaybackEngines/WindowsStandaloneSupport/UnityEditor.WindowsStandalone.Extensions.dll
Register platform support module: C:/Program Files/2020.2.0b2/Editor/Data/PlaybackEngines/LinuxStandaloneSupport/UnityEditor.LinuxStandalone.Extensions.dll
Registered in 0.001658 seconds.
Symbol file LoadedFromMemory doesn't match image C:\Users\olive\Documents\Ship Ahoy\Library\PackageCache\com.unity.ext.nunit@1.0.0\net35\unity-custom\nunit.framework.dll
Native extension for LinuxStandalone target not found
Native extension for WindowsStandalone target not found
Refreshing native plugins compatible for Editor in 39.01 ms, found 0 plugins.
Preloading 0 native plugins for Editor in 0.00 ms.
Invoked RoslynAnalysisRunner static constructor.
RoslynAnalysisRunner will not be running.
RoslynAnalysisRunner has terminated.
Mono: successfully reloaded assembly
- Completed reload, in  1.077 seconds
Registering precompiled user dll's ...
Registered in 0.083563 seconds.
Platform modules already initialized, skipping
Begin MonoManager ReloadAssembly
Symbol file LoadedFromMemory doesn't match image C:\Users\olive\Documents\Ship Ahoy\Library\PackageCache\com.unity.ext.nunit@1.0.0\net35\unity-custom\nunit.framework.dll
Native extension for LinuxStandalone target not found
Native extension for WindowsStandalone target not found
Refreshing native plugins compatible for Editor in 0.49 ms, found 0 plugins.
Preloading 0 native plugins for Editor in 0.00 ms.
Invoked RoslynAnalysisRunner static constructor.
RoslynAnalysisRunner will not be running.
RoslynAnalysisRunner has terminated.
Mono: successfully reloaded assembly
- Completed reload, in  1.023 seconds
Platform modules already initialized, skipping
Refreshing native plugins compatible for Editor in 0.39 ms, found 0 plugins.
Preloading 0 native plugins for Editor in 0.00 ms.
Unloading 80 Unused Serialized files (Serialized files now loaded: 0)
System memory in use before: 165.3 MB.
System memory in use after: 165.5 MB.

Unloading 79 unused Assets to reduce memory usage. Loaded Objects now: 2696.
Total: 2.463100 ms (FindLiveObjects: 0.358600 ms CreateObjectMapping: 0.173800 ms MarkObjects: 1.890300 ms  DeleteObjects: 0.039800 ms)

========================================================================
Received Import Request.
  Time since last request: 101.774502 seconds.
  path: Assets/Prefabs/EnemyPrefab.prefab
  artifactKey: Guid(0fe1be1db2a39d248b17ccd2ab972b19) Importer(815301076,1909f56bfc062723c751e8b465ee728b)
Start importing Assets/Prefabs/EnemyPrefab.prefab using Guid(0fe1be1db2a39d248b17ccd2ab972b19) Importer(815301076,1909f56bfc062723c751e8b465ee728b)  -> (artifact id: 'd9401389cefd528df19be2f61765976a') in 0.073297 seconds
  Import took 0.077742 seconds .

========================================================================
Received Prepare
Reloading mono domain
Begin MonoManager ReloadAssembly
Registering precompiled unity dll's ...
Register platform support module: C:/Program Files/2020.2.0b2/Editor/Data/PlaybackEngines/WindowsStandaloneSupport/UnityEditor.WindowsStandalone.Extensions.dll
Register platform support module: C:/Program Files/2020.2.0b2/Editor/Data/PlaybackEngines/LinuxStandaloneSupport/UnityEditor.LinuxStandalone.Extensions.dll
Registered in 0.001884 seconds.
Symbol file LoadedFromMemory doesn't match image C:\Users\olive\Documents\Ship Ahoy\Library\PackageCache\com.unity.ext.nunit@1.0.0\net35\unity-custom\nunit.framework.dll
Native extension for LinuxStandalone target not found
Native extension for WindowsStandalone target not found
Refreshing native plugins compatible for Editor in 38.27 ms, found 0 plugins.
Preloading 0 native plugins for Editor in 0.00 ms.
Invoked RoslynAnalysisRunner static constructor.
RoslynAnalysisRunner will not be running.
RoslynAnalysisRunner has terminated.
Mono: successfully reloaded assembly
- Completed reload, in  1.130 seconds
Registering precompiled user dll's ...
Registered in 0.086805 seconds.
Platform modules already initialized, skipping
Begin MonoManager ReloadAssembly
Symbol file LoadedFromMemory doesn't match image C:\Users\olive\Documents\Ship Ahoy\Library\PackageCache\com.unity.ext.nunit@1.0.0\net35\unity-custom\nunit.framework.dll
Native extension for LinuxStandalone target not found
Native extension for WindowsStandalone target not found
Refreshing native plugins compatible for Editor in 0.41 ms, found 0 plugins.
Preloading 0 native plugins for Editor in 0.00 ms.
Invoked RoslynAnalysisRunner static constructor.
RoslynAnalysisRunner will not be running.
RoslynAnalysisRunner has terminated.
Mono: successfully reloaded assembly
- Completed reload, in  1.135 seconds
Platform modules already initialized, skipping
Refreshing native plugins compatible for Editor in 0.41 ms, found 0 plugins.
Preloading 0 native plugins for Editor in 0.00 ms.
Unloading 80 Unused Serialized files (Serialized files now loaded: 0)
System memory in use before: 165.3 MB.
System memory in use after: 165.6 MB.

Unloading 79 unused Assets to reduce memory usage. Loaded Objects now: 2705.
Total: 2.877500 ms (FindLiveObjects: 0.361800 ms CreateObjectMapping: 0.173200 ms MarkObjects: 2.300500 ms  DeleteObjects: 0.041200 ms)

========================================================================
Received Import Request.
  Time since last request: 25.698453 seconds.
  path: Assets/Prefabs/EnemyPrefab.prefab
  artifactKey: Guid(0fe1be1db2a39d248b17ccd2ab972b19) Importer(815301076,1909f56bfc062723c751e8b465ee728b)
Start importing Assets/Prefabs/EnemyPrefab.prefab using Guid(0fe1be1db2a39d248b17ccd2ab972b19) Importer(815301076,1909f56bfc062723c751e8b465ee728b)  -> (artifact id: '50e88a76cfb6efa39b38ede805f93349') in 0.080926 seconds
  Import took 0.086427 seconds .

========================================================================
Received Import Request.
  Time since last request: 1.451224 seconds.
  path: Assets/Prefabs/EnemyPrefab.prefab
  artifactKey: Guid(0fe1be1db2a39d248b17ccd2ab972b19) Importer(815301076,1909f56bfc062723c751e8b465ee728b)
Start importing Assets/Prefabs/EnemyPrefab.prefab using Guid(0fe1be1db2a39d248b17ccd2ab972b19) Importer(815301076,1909f56bfc062723c751e8b465ee728b)  -> (artifact id: '50e88a76cfb6efa39b38ede805f93349') in 0.031124 seconds
  Import took 0.035754 seconds .

========================================================================
Received Prepare
Reloading mono domain
Begin MonoManager ReloadAssembly
Registering precompiled unity dll's ...
Register platform support module: C:/Program Files/2020.2.0b2/Editor/Data/PlaybackEngines/WindowsStandaloneSupport/UnityEditor.WindowsStandalone.Extensions.dll
Register platform support module: C:/Program Files/2020.2.0b2/Editor/Data/PlaybackEngines/LinuxStandaloneSupport/UnityEditor.LinuxStandalone.Extensions.dll
Registered in 0.001684 seconds.
Symbol file LoadedFromMemory doesn't match image C:\Users\olive\Documents\Ship Ahoy\Library\PackageCache\com.unity.ext.nunit@1.0.0\net35\unity-custom\nunit.framework.dll
Native extension for LinuxStandalone target not found
Native extension for WindowsStandalone target not found
Refreshing native plugins compatible for Editor in 38.72 ms, found 0 plugins.
Preloading 0 native plugins for Editor in 0.00 ms.
Invoked RoslynAnalysisRunner static constructor.
RoslynAnalysisRunner will not be running.
RoslynAnalysisRunner has terminated.
Mono: successfully reloaded assembly
- Completed reload, in  1.158 seconds
Registering precompiled user dll's ...
Registered in 0.085524 seconds.
Platform modules already initialized, skipping
Begin MonoManager ReloadAssembly
Symbol file LoadedFromMemory doesn't match image C:\Users\olive\Documents\Ship Ahoy\Library\PackageCache\com.unity.ext.nunit@1.0.0\net35\unity-custom\nunit.framework.dll
Native extension for LinuxStandalone target not found
Native extension for WindowsStandalone target not found
Refreshing native plugins compatible for Editor in 0.41 ms, found 0 plugins.
Preloading 0 native plugins for Editor in 0.00 ms.
Invoked RoslynAnalysisRunner static constructor.
RoslynAnalysisRunner will not be running.
RoslynAnalysisRunner has terminated.
Mono: successfully reloaded assembly
- Completed reload, in  1.127 seconds
Platform modules already initialized, skipping
Refreshing native plugins compatible for Editor in 0.40 ms, found 0 plugins.
Preloading 0 native plugins for Editor in 0.00 ms.
Unloading 80 Unused Serialized files (Serialized files now loaded: 0)
System memory in use before: 165.4 MB.
System memory in use after: 165.6 MB.

Unloading 79 unused Assets to reduce memory usage. Loaded Objects now: 2714.
Total: 2.458200 ms (FindLiveObjects: 0.359100 ms CreateObjectMapping: 0.169800 ms MarkObjects: 1.883700 ms  DeleteObjects: 0.044500 ms)

========================================================================
Received Import Request.
  Time since last request: 50.289690 seconds.
  path: Assets/Prefabs/EnemyPrefab.prefab
  artifactKey: Guid(0fe1be1db2a39d248b17ccd2ab972b19) Importer(815301076,1909f56bfc062723c751e8b465ee728b)
Start importing Assets/Prefabs/EnemyPrefab.prefab using Guid(0fe1be1db2a39d248b17ccd2ab972b19) Importer(815301076,1909f56bfc062723c751e8b465ee728b)  -> (artifact id: '614cd542332809f99d6f0b95fefe1e24') in 0.072999 seconds
  Import took 0.078560 seconds .

========================================================================
Received Prepare
Reloading mono domain
Begin MonoManager ReloadAssembly
Registering precompiled unity dll's ...
Register platform support module: C:/Program Files/2020.2.0b2/Editor/Data/PlaybackEngines/WindowsStandaloneSupport/UnityEditor.WindowsStandalone.Extensions.dll
Register platform support module: C:/Program Files/2020.2.0b2/Editor/Data/PlaybackEngines/LinuxStandaloneSupport/UnityEditor.LinuxStandalone.Extensions.dll
Registered in 0.001741 seconds.
Symbol file LoadedFromMemory doesn't match image C:\Users\olive\Documents\Ship Ahoy\Library\PackageCache\com.unity.ext.nunit@1.0.0\net35\unity-custom\nunit.framework.dll
Native extension for LinuxStandalone target not found
Native extension for WindowsStandalone target not found
Refreshing native plugins compatible for Editor in 39.90 ms, found 0 plugins.
Preloading 0 native plugins for Editor in 0.00 ms.
Invoked RoslynAnalysisRunner static constructor.
RoslynAnalysisRunner will not be running.
RoslynAnalysisRunner has terminated.
Mono: successfully reloaded assembly
- Completed reload, in  1.254 seconds
Registering precompiled user dll's ...
Registered in 0.091982 seconds.
Platform modules already initialized, skipping
Begin MonoManager ReloadAssembly
Symbol file LoadedFromMemory doesn't match image C:\Users\olive\Documents\Ship Ahoy\Library\PackageCache\com.unity.ext.nunit@1.0.0\net35\unity-custom\nunit.framework.dll
Native extension for LinuxStandalone target not found
Native extension for WindowsStandalone target not found
Refreshing native plugins compatible for Editor in 0.40 ms, found 0 plugins.
Preloading 0 native plugins for Editor in 0.00 ms.
Invoked RoslynAnalysisRunner static constructor.
RoslynAnalysisRunner will not be running.
RoslynAnalysisRunner has terminated.
Mono: successfully reloaded assembly
- Completed reload, in  1.195 seconds
Platform modules already initialized, skipping
Refreshing native plugins compatible for Editor in 0.39 ms, found 0 plugins.
Preloading 0 native plugins for Editor in 0.00 ms.
Unloading 80 Unused Serialized files (Serialized files now loaded: 0)
System memory in use before: 165.4 MB.
System memory in use after: 165.6 MB.

Unloading 79 unused Assets to reduce memory usage. Loaded Objects now: 2723.
Total: 2.512700 ms (FindLiveObjects: 0.368200 ms CreateObjectMapping: 0.180500 ms MarkObjects: 1.922200 ms  DeleteObjects: 0.041000 ms)

========================================================================
Received Prepare
Reloading mono domain
Begin MonoManager ReloadAssembly
Registering precompiled unity dll's ...
Register platform support module: C:/Program Files/2020.2.0b2/Editor/Data/PlaybackEngines/WindowsStandaloneSupport/UnityEditor.WindowsStandalone.Extensions.dll
Register platform support module: C:/Program Files/2020.2.0b2/Editor/Data/PlaybackEngines/LinuxStandaloneSupport/UnityEditor.LinuxStandalone.Extensions.dll
Registered in 0.002706 seconds.
Symbol file LoadedFromMemory doesn't match image C:\Users\olive\Documents\Ship Ahoy\Library\PackageCache\com.unity.ext.nunit@1.0.0\net35\unity-custom\nunit.framework.dll
Native extension for LinuxStandalone target not found
Native extension for WindowsStandalone target not found
Refreshing native plugins compatible for Editor in 65.29 ms, found 0 plugins.
Preloading 0 native plugins for Editor in 0.00 ms.
Invoked RoslynAnalysisRunner static constructor.
RoslynAnalysisRunner will not be running.
RoslynAnalysisRunner has terminated.
Mono: successfully reloaded assembly
- Completed reload, in  1.923 seconds
Registering precompiled user dll's ...
Registered in 0.136296 seconds.
Platform modules already initialized, skipping
Begin MonoManager ReloadAssembly
Symbol file LoadedFromMemory doesn't match image C:\Users\olive\Documents\Ship Ahoy\Library\PackageCache\com.unity.ext.nunit@1.0.0\net35\unity-custom\nunit.framework.dll
Native extension for LinuxStandalone target not found
Native extension for WindowsStandalone target not found
Refreshing native plugins compatible for Editor in 0.49 ms, found 0 plugins.
Preloading 0 native plugins for Editor in 0.00 ms.
Invoked RoslynAnalysisRunner static constructor.
RoslynAnalysisRunner will not be running.
RoslynAnalysisRunner has terminated.
Mono: successfully reloaded assembly
- Completed reload, in  1.814 seconds
Platform modules already initialized, skipping
Refreshing native plugins compatible for Editor in 0.43 ms, found 0 plugins.
Preloading 0 native plugins for Editor in 0.00 ms.
Unloading 80 Unused Serialized files (Serialized files now loaded: 0)
System memory in use before: 165.4 MB.
System memory in use after: 165.6 MB.

Unloading 79 unused Assets to reduce memory usage. Loaded Objects now: 2731.
Total: 2.036500 ms (FindLiveObjects: 0.295500 ms CreateObjectMapping: 0.085100 ms MarkObjects: 1.615800 ms  DeleteObjects: 0.039200 ms)

========================================================================
Received Prepare
Reloading mono domain
Begin MonoManager ReloadAssembly
Registering precompiled unity dll's ...
Register platform support module: C:/Program Files/2020.2.0b2/Editor/Data/PlaybackEngines/WindowsStandaloneSupport/UnityEditor.WindowsStandalone.Extensions.dll
Register platform support module: C:/Program Files/2020.2.0b2/Editor/Data/PlaybackEngines/LinuxStandaloneSupport/UnityEditor.LinuxStandalone.Extensions.dll
Registered in 0.001850 seconds.
Symbol file LoadedFromMemory doesn't match image C:\Users\olive\Documents\Ship Ahoy\Library\PackageCache\com.unity.ext.nunit@1.0.0\net35\unity-custom\nunit.framework.dll
Native extension for LinuxStandalone target not found
Native extension for WindowsStandalone target not found
Refreshing native plugins compatible for Editor in 64.00 ms, found 0 plugins.
Preloading 0 native plugins for Editor in 0.00 ms.
Invoked RoslynAnalysisRunner static constructor.
RoslynAnalysisRunner will not be running.
RoslynAnalysisRunner has terminated.
Mono: successfully reloaded assembly
- Completed reload, in  1.718 seconds
Registering precompiled user dll's ...
Registered in 0.120262 seconds.
Platform modules already initialized, skipping
Begin MonoManager ReloadAssembly
Symbol file LoadedFromMemory doesn't match image C:\Users\olive\Documents\Ship Ahoy\Library\PackageCache\com.unity.ext.nunit@1.0.0\net35\unity-custom\nunit.framework.dll
Native extension for LinuxStandalone target not found
Native extension for WindowsStandalone target not found
Refreshing native plugins compatible for Editor in 0.55 ms, found 0 plugins.
Preloading 0 native plugins for Editor in 0.00 ms.
Invoked RoslynAnalysisRunner static constructor.
RoslynAnalysisRunner will not be running.
RoslynAnalysisRunner has terminated.
Mono: successfully reloaded assembly
- Completed reload, in  1.676 seconds
Platform modules already initialized, skipping
Refreshing native plugins compatible for Editor in 0.43 ms, found 0 plugins.
Preloading 0 native plugins for Editor in 0.00 ms.
Unloading 80 Unused Serialized files (Serialized files now loaded: 0)
System memory in use before: 165.4 MB.
System memory in use after: 165.7 MB.

Unloading 79 unused Assets to reduce memory usage. Loaded Objects now: 2739.
Total: 2.433900 ms (FindLiveObjects: 0.321900 ms CreateObjectMapping: 0.124400 ms MarkObjects: 1.931500 ms  DeleteObjects: 0.055400 ms)

========================================================================
Received Prepare
Reloading mono domain
Begin MonoManager ReloadAssembly
Registering precompiled unity dll's ...
Register platform support module: C:/Program Files/2020.2.0b2/Editor/Data/PlaybackEngines/WindowsStandaloneSupport/UnityEditor.WindowsStandalone.Extensions.dll
Register platform support module: C:/Program Files/2020.2.0b2/Editor/Data/PlaybackEngines/LinuxStandaloneSupport/UnityEditor.LinuxStandalone.Extensions.dll
Registered in 0.001682 seconds.
Symbol file LoadedFromMemory doesn't match image C:\Users\olive\Documents\Ship Ahoy\Library\PackageCache\com.unity.ext.nunit@1.0.0\net35\unity-custom\nunit.framework.dll
Native extension for LinuxStandalone target not found
Native extension for WindowsStandalone target not found
Refreshing native plugins compatible for Editor in 38.80 ms, found 0 plugins.
Preloading 0 native plugins for Editor in 0.00 ms.
Invoked RoslynAnalysisRunner static constructor.
RoslynAnalysisRunner will not be running.
RoslynAnalysisRunner has terminated.
Mono: successfully reloaded assembly
- Completed reload, in  1.372 seconds
Registering precompiled user dll's ...
Registered in 0.083127 seconds.
Platform modules already initialized, skipping
Begin MonoManager ReloadAssembly
Symbol file LoadedFromMemory doesn't match image C:\Users\olive\Documents\Ship Ahoy\Library\PackageCache\com.unity.ext.nunit@1.0.0\net35\unity-custom\nunit.framework.dll
Native extension for LinuxStandalone target not found
Native extension for WindowsStandalone target not found
Refreshing native plugins compatible for Editor in 0.42 ms, found 0 plugins.
Preloading 0 native plugins for Editor in 0.00 ms.
Invoked RoslynAnalysisRunner static constructor.
RoslynAnalysisRunner will not be running.
RoslynAnalysisRunner has terminated.
Mono: successfully reloaded assembly
- Completed reload, in  1.347 seconds
Platform modules already initialized, skipping
Refreshing native plugins compatible for Editor in 0.41 ms, found 0 plugins.
Preloading 0 native plugins for Editor in 0.00 ms.
Unloading 80 Unused Serialized files (Serialized files now loaded: 0)
System memory in use before: 165.4 MB.
System memory in use after: 165.7 MB.

Unloading 79 unused Assets to reduce memory usage. Loaded Objects now: 2747.
Total: 2.468700 ms (FindLiveObjects: 0.366800 ms CreateObjectMapping: 0.171300 ms MarkObjects: 1.877000 ms  DeleteObjects: 0.052800 ms)

========================================================================
Received Prepare
Reloading mono domain
Begin MonoManager ReloadAssembly
Registering precompiled unity dll's ...
Register platform support module: C:/Program Files/2020.2.0b2/Editor/Data/PlaybackEngines/WindowsStandaloneSupport/UnityEditor.WindowsStandalone.Extensions.dll
Register platform support module: C:/Program Files/2020.2.0b2/Editor/Data/PlaybackEngines/LinuxStandaloneSupport/UnityEditor.LinuxStandalone.Extensions.dll
Registered in 0.001694 seconds.
Symbol file LoadedFromMemory doesn't match image C:\Users\olive\Documents\Ship Ahoy\Library\PackageCache\com.unity.ext.nunit@1.0.0\net35\unity-custom\nunit.framework.dll
Native extension for LinuxStandalone target not found
Native extension for WindowsStandalone target not found
Refreshing native plugins compatible for Editor in 41.72 ms, found 0 plugins.
Preloading 0 native plugins for Editor in 0.00 ms.
Invoked RoslynAnalysisRunner static constructor.
RoslynAnalysisRunner will not be running.
RoslynAnalysisRunner has terminated.
Mono: successfully reloaded assembly
- Completed reload, in  1.459 seconds
Registering precompiled user dll's ...
Registered in 0.092633 seconds.
Platform modules already initialized, skipping
Begin MonoManager ReloadAssembly
Symbol file LoadedFromMemory doesn't match image C:\Users\olive\Documents\Ship Ahoy\Library\PackageCache\com.unity.ext.nunit@1.0.0\net35\unity-custom\nunit.framework.dll
Native extension for LinuxStandalone target not found
Native extension for WindowsStandalone target not found
Refreshing native plugins compatible for Editor in 0.38 ms, found 0 plugins.
Preloading 0 native plugins for Editor in 0.00 ms.
Invoked RoslynAnalysisRunner static constructor.
RoslynAnalysisRunner will not be running.
RoslynAnalysisRunner has terminated.
Mono: successfully reloaded assembly
- Completed reload, in  1.466 seconds
Platform modules already initialized, skipping
Refreshing native plugins compatible for Editor in 0.39 ms, found 0 plugins.
Preloading 0 native plugins for Editor in 0.00 ms.
Unloading 80 Unused Serialized files (Serialized files now loaded: 0)
System memory in use before: 165.5 MB.
System memory in use after: 165.7 MB.

Unloading 79 unused Assets to reduce memory usage. Loaded Objects now: 2755.
Total: 2.901900 ms (FindLiveObjects: 0.433400 ms CreateObjectMapping: 0.234500 ms MarkObjects: 2.173300 ms  DeleteObjects: 0.059700 ms)

========================================================================
Received Prepare
Reloading mono domain
Begin MonoManager ReloadAssembly
Registering precompiled unity dll's ...
Register platform support module: C:/Program Files/2020.2.0b2/Editor/Data/PlaybackEngines/WindowsStandaloneSupport/UnityEditor.WindowsStandalone.Extensions.dll
Register platform support module: C:/Program Files/2020.2.0b2/Editor/Data/PlaybackEngines/LinuxStandaloneSupport/UnityEditor.LinuxStandalone.Extensions.dll
Registered in 0.001679 seconds.
Symbol file LoadedFromMemory doesn't match image C:\Users\olive\Documents\Ship Ahoy\Library\PackageCache\com.unity.ext.nunit@1.0.0\net35\unity-custom\nunit.framework.dll
Native extension for LinuxStandalone target not found
Native extension for WindowsStandalone target not found
Refreshing native plugins compatible for Editor in 40.36 ms, found 0 plugins.
Preloading 0 native plugins for Editor in 0.00 ms.
Invoked RoslynAnalysisRunner static constructor.
RoslynAnalysisRunner will not be running.
RoslynAnalysisRunner has terminated.
Mono: successfully reloaded assembly
- Completed reload, in  1.503 seconds
Registering precompiled user dll's ...
Registered in 0.082194 seconds.
Platform modules already initialized, skipping
Begin MonoManager ReloadAssembly
Symbol file LoadedFromMemory doesn't match image C:\Users\olive\Documents\Ship Ahoy\Library\PackageCache\com.unity.ext.nunit@1.0.0\net35\unity-custom\nunit.framework.dll
Native extension for LinuxStandalone target not found
Native extension for WindowsStandalone target not found
Refreshing native plugins compatible for Editor in 0.41 ms, found 0 plugins.
Preloading 0 native plugins for Editor in 0.00 ms.
Invoked RoslynAnalysisRunner static constructor.
RoslynAnalysisRunner will not be running.
RoslynAnalysisRunner has terminated.
Mono: successfully reloaded assembly
- Completed reload, in  1.448 seconds
Platform modules already initialized, skipping
Refreshing native plugins compatible for Editor in 0.39 ms, found 0 plugins.
Preloading 0 native plugins for Editor in 0.00 ms.
Unloading 80 Unused Serialized files (Serialized files now loaded: 0)
System memory in use before: 165.5 MB.
System memory in use after: 165.7 MB.

Unloading 79 unused Assets to reduce memory usage. Loaded Objects now: 2763.
Total: 2.109100 ms (FindLiveObjects: 0.293400 ms CreateObjectMapping: 0.085700 ms MarkObjects: 1.689700 ms  DeleteObjects: 0.039400 ms)

========================================================================
Received Import Request.
  Time since last request: 5096.782801 seconds.
  path: Assets/Scripts/CannonBall.cs
  artifactKey: Guid(ab36093bddde72f47bb9c67d35c8449a) Importer(815301076,1909f56bfc062723c751e8b465ee728b)
Start importing Assets/Scripts/CannonBall.cs using Guid(ab36093bddde72f47bb9c67d35c8449a) Importer(815301076,1909f56bfc062723c751e8b465ee728b)  -> (artifact id: '3f4095972e6b6fa4f51240770a042eb2') in 0.006698 seconds
  Import took 0.010929 seconds .

========================================================================
Received Import Request.
  Time since last request: 0.000168 seconds.
  path: Assets/Scripts/NetworkManager.cs
  artifactKey: Guid(0f47fabae202f2e4a90173caf2746704) Importer(815301076,1909f56bfc062723c751e8b465ee728b)
Start importing Assets/Scripts/NetworkManager.cs using Guid(0f47fabae202f2e4a90173caf2746704) Importer(815301076,1909f56bfc062723c751e8b465ee728b)  -> (artifact id: '0b47499b47b52fd63a9f73c6b4c25959') in 0.005277 seconds
  Import took 0.020275 seconds .

========================================================================
Received Import Request.
  Time since last request: 0.000213 seconds.
  path: Assets/Scripts/CannonBall.cs
  artifactKey: Guid(ab36093bddde72f47bb9c67d35c8449a) Importer(815301076,1909f56bfc062723c751e8b465ee728b)
Start importing Assets/Scripts/CannonBall.cs using Guid(ab36093bddde72f47bb9c67d35c8449a) Importer(815301076,1909f56bfc062723c751e8b465ee728b)  -> (artifact id: '3f4095972e6b6fa4f51240770a042eb2') in 0.002457 seconds
  Import took 0.017165 seconds .

========================================================================
Received Import Request.
  Time since last request: 0.000198 seconds.
  path: Assets/Scripts/GameManager.cs
  artifactKey: Guid(18b3b21bc82068f41a287a6fcc4f4989) Importer(815301076,1909f56bfc062723c751e8b465ee728b)
Start importing Assets/Scripts/GameManager.cs using Guid(18b3b21bc82068f41a287a6fcc4f4989) Importer(815301076,1909f56bfc062723c751e8b465ee728b)  -> (artifact id: 'dfe96a7b70c7076994199ec04177f11d') in 0.002653 seconds
  Import took 0.006326 seconds .

========================================================================
Received Import Request.
  Time since last request: 0.000143 seconds.
  path: Assets/Scripts/UIManager.cs
  artifactKey: Guid(4c408adde31d5dd4c97f2a2b904fc2e5) Importer(815301076,1909f56bfc062723c751e8b465ee728b)
Start importing Assets/Scripts/UIManager.cs using Guid(4c408adde31d5dd4c97f2a2b904fc2e5) Importer(815301076,1909f56bfc062723c751e8b465ee728b)  -> (artifact id: '80779a38922504aadd87c5de5e8d0959') in 0.005292 seconds
  Import took 0.014103 seconds .

========================================================================
Received Import Request.
  Time since last request: 0.000187 seconds.
  path: Assets/Scripts/EnemyShip.cs
  artifactKey: Guid(a066a0e8d58662a448e8553a7c26d1d6) Importer(815301076,1909f56bfc062723c751e8b465ee728b)
Start importing Assets/Scripts/EnemyShip.cs using Guid(a066a0e8d58662a448e8553a7c26d1d6) Importer(815301076,1909f56bfc062723c751e8b465ee728b)  -> (artifact id: 'f5e946c9aa94c1b0533f914b347b953d') in 0.002397 seconds
  Import took 0.018429 seconds .

========================================================================
Received Import Request.
  Time since last request: 0.000217 seconds.
  path: Assets/Scripts/IShip.cs
  artifactKey: Guid(d84390af8443e4842a7830f0347bbfa9) Importer(815301076,1909f56bfc062723c751e8b465ee728b)
Start importing Assets/Scripts/IShip.cs using Guid(d84390af8443e4842a7830f0347bbfa9) Importer(815301076,1909f56bfc062723c751e8b465ee728b)  -> (artifact id: 'c6f01677a6ffa9894147bc5f661ca8e9') in 0.002103 seconds
  Import took 0.016188 seconds .

========================================================================
Received Import Request.
  Time since last request: 0.000183 seconds.
  path: Assets/Scripts/Mine.cs
  artifactKey: Guid(e8e61b7ce47ec444897476aa9aadbf7c) Importer(815301076,1909f56bfc062723c751e8b465ee728b)
Start importing Assets/Scripts/Mine.cs using Guid(e8e61b7ce47ec444897476aa9aadbf7c) Importer(815301076,1909f56bfc062723c751e8b465ee728b)  -> (artifact id: 'b88122b2d88fcfcac22b1beabb9f3d72') in 0.005319 seconds
  Import took 0.009464 seconds .

========================================================================
Received Prepare
Reloading mono domain
Begin MonoManager ReloadAssembly
Registering precompiled unity dll's ...
Register platform support module: C:/Program Files/2020.2.0b2/Editor/Data/PlaybackEngines/WindowsStandaloneSupport/UnityEditor.WindowsStandalone.Extensions.dll
Register platform support module: C:/Program Files/2020.2.0b2/Editor/Data/PlaybackEngines/LinuxStandaloneSupport/UnityEditor.LinuxStandalone.Extensions.dll
Registered in 0.001669 seconds.
Symbol file LoadedFromMemory doesn't match image C:\Users\olive\Documents\Ship Ahoy\Library\PackageCache\com.unity.ext.nunit@1.0.0\net35\unity-custom\nunit.framework.dll
Native extension for LinuxStandalone target not found
Native extension for WindowsStandalone target not found
Refreshing native plugins compatible for Editor in 41.33 ms, found 0 plugins.
Preloading 0 native plugins for Editor in 0.00 ms.
Invoked RoslynAnalysisRunner static constructor.
RoslynAnalysisRunner will not be running.
RoslynAnalysisRunner has terminated.
Mono: successfully reloaded assembly
- Completed reload, in  1.683 seconds
Registering precompiled user dll's ...
Registered in 0.092579 seconds.
Platform modules already initialized, skipping
Begin MonoManager ReloadAssembly
Symbol file LoadedFromMemory doesn't match image C:\Users\olive\Documents\Ship Ahoy\Library\PackageCache\com.unity.ext.nunit@1.0.0\net35\unity-custom\nunit.framework.dll
Native extension for LinuxStandalone target not found
Native extension for WindowsStandalone target not found
Refreshing native plugins compatible for Editor in 0.39 ms, found 0 plugins.
Preloading 0 native plugins for Editor in 0.00 ms.
Invoked RoslynAnalysisRunner static constructor.
RoslynAnalysisRunner will not be running.
RoslynAnalysisRunner has terminated.
Mono: successfully reloaded assembly
- Completed reload, in  1.549 seconds
Platform modules already initialized, skipping
Refreshing native plugins compatible for Editor in 0.42 ms, found 0 plugins.
Preloading 0 native plugins for Editor in 0.00 ms.
Unloading 80 Unused Serialized files (Serialized files now loaded: 0)
System memory in use before: 165.5 MB.
System memory in use after: 165.7 MB.

Unloading 79 unused Assets to reduce memory usage. Loaded Objects now: 2771.
Total: 2.784900 ms (FindLiveObjects: 0.381500 ms CreateObjectMapping: 0.178800 ms MarkObjects: 2.179500 ms  DeleteObjects: 0.044200 ms)

========================================================================
Received Prepare
Reloading mono domain
Begin MonoManager ReloadAssembly
Registering precompiled unity dll's ...
Register platform support module: C:/Program Files/2020.2.0b2/Editor/Data/PlaybackEngines/WindowsStandaloneSupport/UnityEditor.WindowsStandalone.Extensions.dll
Register platform support module: C:/Program Files/2020.2.0b2/Editor/Data/PlaybackEngines/LinuxStandaloneSupport/UnityEditor.LinuxStandalone.Extensions.dll
Registered in 0.001672 seconds.
Symbol file LoadedFromMemory doesn't match image C:\Users\olive\Documents\Ship Ahoy\Library\PackageCache\com.unity.ext.nunit@1.0.0\net35\unity-custom\nunit.framework.dll
Native extension for LinuxStandalone target not found
Native extension for WindowsStandalone target not found
Refreshing native plugins compatible for Editor in 38.38 ms, found 0 plugins.
Preloading 0 native plugins for Editor in 0.00 ms.
Invoked RoslynAnalysisRunner static constructor.
RoslynAnalysisRunner will not be running.
RoslynAnalysisRunner has terminated.
Mono: successfully reloaded assembly
- Completed reload, in  1.626 seconds
Registering precompiled user dll's ...
Registered in 0.084636 seconds.
Platform modules already initialized, skipping
Begin MonoManager ReloadAssembly
Symbol file LoadedFromMemory doesn't match image C:\Users\olive\Documents\Ship Ahoy\Library\PackageCache\com.unity.ext.nunit@1.0.0\net35\unity-custom\nunit.framework.dll
Native extension for LinuxStandalone target not found
Native extension for WindowsStandalone target not found
Refreshing native plugins compatible for Editor in 0.39 ms, found 0 plugins.
Preloading 0 native plugins for Editor in 0.00 ms.
Invoked RoslynAnalysisRunner static constructor.
RoslynAnalysisRunner will not be running.
RoslynAnalysisRunner has terminated.
Mono: successfully reloaded assembly
- Completed reload, in  1.619 seconds
Platform modules already initialized, skipping
Refreshing native plugins compatible for Editor in 0.41 ms, found 0 plugins.
Preloading 0 native plugins for Editor in 0.00 ms.
Unloading 80 Unused Serialized files (Serialized files now loaded: 0)
System memory in use before: 165.5 MB.
System memory in use after: 165.8 MB.

Unloading 79 unused Assets to reduce memory usage. Loaded Objects now: 2779.
Total: 2.304300 ms (FindLiveObjects: 0.294100 ms CreateObjectMapping: 0.085700 ms MarkObjects: 1.885000 ms  DeleteObjects: 0.038400 ms)

========================================================================
Received Import Request.
  Time since last request: 35.100577 seconds.
  path: Assets/Scripts/Healthbar.cs
  artifactKey: Guid(a45e06a06154d0449a20162cf261226d) Importer(815301076,1909f56bfc062723c751e8b465ee728b)
Start importing Assets/Scripts/Healthbar.cs using Guid(a45e06a06154d0449a20162cf261226d) Importer(815301076,1909f56bfc062723c751e8b465ee728b)  -> (artifact id: '34f2a7ed1b7836cc83a30d59e1797d3b') in 0.022144 seconds
  Import took 0.032564 seconds .

========================================================================
Received Prepare
Reloading mono domain
Begin MonoManager ReloadAssembly
Registering precompiled unity dll's ...
Register platform support module: C:/Program Files/2020.2.0b2/Editor/Data/PlaybackEngines/WindowsStandaloneSupport/UnityEditor.WindowsStandalone.Extensions.dll
Register platform support module: C:/Program Files/2020.2.0b2/Editor/Data/PlaybackEngines/LinuxStandaloneSupport/UnityEditor.LinuxStandalone.Extensions.dll
Registered in 0.002862 seconds.
Symbol file LoadedFromMemory doesn't match image C:\Users\olive\Documents\Ship Ahoy\Library\PackageCache\com.unity.ext.nunit@1.0.0\net35\unity-custom\nunit.framework.dll
Native extension for LinuxStandalone target not found
Native extension for WindowsStandalone target not found
Refreshing native plugins compatible for Editor in 40.24 ms, found 0 plugins.
Preloading 0 native plugins for Editor in 0.00 ms.
Invoked RoslynAnalysisRunner static constructor.
RoslynAnalysisRunner will not be running.
RoslynAnalysisRunner has terminated.
Mono: successfully reloaded assembly
- Completed reload, in  1.678 seconds
Registering precompiled user dll's ...
Registered in 0.083150 seconds.
Platform modules already initialized, skipping
Begin MonoManager ReloadAssembly
Symbol file LoadedFromMemory doesn't match image C:\Users\olive\Documents\Ship Ahoy\Library\PackageCache\com.unity.ext.nunit@1.0.0\net35\unity-custom\nunit.framework.dll
Native extension for LinuxStandalone target not found
Native extension for WindowsStandalone target not found
Refreshing native plugins compatible for Editor in 0.41 ms, found 0 plugins.
Preloading 0 native plugins for Editor in 0.00 ms.
Invoked RoslynAnalysisRunner static constructor.
RoslynAnalysisRunner will not be running.
RoslynAnalysisRunner has terminated.
Mono: successfully reloaded assembly
- Completed reload, in  1.669 seconds
Platform modules already initialized, skipping
Refreshing native plugins compatible for Editor in 0.43 ms, found 0 plugins.
Preloading 0 native plugins for Editor in 0.00 ms.
Unloading 80 Unused Serialized files (Serialized files now loaded: 0)
System memory in use before: 165.5 MB.
System memory in use after: 165.8 MB.

Unloading 79 unused Assets to reduce memory usage. Loaded Objects now: 2787.
Total: 2.769300 ms (FindLiveObjects: 0.412200 ms CreateObjectMapping: 0.193400 ms MarkObjects: 2.105800 ms  DeleteObjects: 0.056500 ms)

========================================================================
Received Import Request.
  Time since last request: 105.840169 seconds.
  path: Assets/Scripts/Fuelbar.cs
  artifactKey: Guid(b4b38648131a550409ff9b81d2095f0f) Importer(815301076,1909f56bfc062723c751e8b465ee728b)
Start importing Assets/Scripts/Fuelbar.cs using Guid(b4b38648131a550409ff9b81d2095f0f) Importer(815301076,1909f56bfc062723c751e8b465ee728b)  -> (artifact id: '997a507427c87ab4fcc23fce6d3f36c6') in 0.006427 seconds
  Import took 0.025086 seconds .

========================================================================
Received Import Request.
  Time since last request: 0.000204 seconds.
  path: Assets/Scripts/DamageUI.cs
  artifactKey: Guid(27f9aee6337719044878b9dd770d32d3) Importer(815301076,1909f56bfc062723c751e8b465ee728b)
Start importing Assets/Scripts/DamageUI.cs using Guid(27f9aee6337719044878b9dd770d32d3) Importer(815301076,1909f56bfc062723c751e8b465ee728b)  -> (artifact id: '93bc0a975836d5317f30216f01d7e670') in 0.005639 seconds
  Import took 0.025355 seconds .

========================================================================
Received Import Request.
  Time since last request: 0.000176 seconds.
  path: Assets/Scripts/Healthbar.cs
  artifactKey: Guid(a45e06a06154d0449a20162cf261226d) Importer(815301076,1909f56bfc062723c751e8b465ee728b)
Start importing Assets/Scripts/Healthbar.cs using Guid(a45e06a06154d0449a20162cf261226d) Importer(815301076,1909f56bfc062723c751e8b465ee728b)  -> (artifact id: '96e1eedd76ea985f84aad219309a27fe') in 0.003269 seconds
  Import took 0.008402 seconds .

========================================================================
Received Import Request.
  Time since last request: 0.000254 seconds.
  path: Assets/Scripts/IShip.cs
  artifactKey: Guid(d84390af8443e4842a7830f0347bbfa9) Importer(815301076,1909f56bfc062723c751e8b465ee728b)
Start importing Assets/Scripts/IShip.cs using Guid(d84390af8443e4842a7830f0347bbfa9) Importer(815301076,1909f56bfc062723c751e8b465ee728b)  -> (artifact id: 'aabbc981914c08f0e6052678ee5df3fe') in 0.003035 seconds
  Import took 0.017448 seconds .

========================================================================
Received Prepare
Reloading mono domain
Begin MonoManager ReloadAssembly
Registering precompiled unity dll's ...
Register platform support module: C:/Program Files/2020.2.0b2/Editor/Data/PlaybackEngines/WindowsStandaloneSupport/UnityEditor.WindowsStandalone.Extensions.dll
Register platform support module: C:/Program Files/2020.2.0b2/Editor/Data/PlaybackEngines/LinuxStandaloneSupport/UnityEditor.LinuxStandalone.Extensions.dll
Registered in 0.001677 seconds.
Symbol file LoadedFromMemory doesn't match image C:\Users\olive\Documents\Ship Ahoy\Library\PackageCache\com.unity.ext.nunit@1.0.0\net35\unity-custom\nunit.framework.dll
Native extension for LinuxStandalone target not found
Native extension for WindowsStandalone target not found
Refreshing native plugins compatible for Editor in 38.67 ms, found 0 plugins.
Preloading 0 native plugins for Editor in 0.00 ms.
Invoked RoslynAnalysisRunner static constructor.
RoslynAnalysisRunner will not be running.
RoslynAnalysisRunner has terminated.
Mono: successfully reloaded assembly
- Completed reload, in  1.700 seconds
Registering precompiled user dll's ...
Registered in 0.087410 seconds.
Platform modules already initialized, skipping
Begin MonoManager ReloadAssembly
Symbol file LoadedFromMemory doesn't match image C:\Users\olive\Documents\Ship Ahoy\Library\PackageCache\com.unity.ext.nunit@1.0.0\net35\unity-custom\nunit.framework.dll
Native extension for LinuxStandalone target not found
Native extension for WindowsStandalone target not found
Refreshing native plugins compatible for Editor in 0.41 ms, found 0 plugins.
Preloading 0 native plugins for Editor in 0.00 ms.
Invoked RoslynAnalysisRunner static constructor.
RoslynAnalysisRunner will not be running.
RoslynAnalysisRunner has terminated.
Mono: successfully reloaded assembly
- Completed reload, in  1.687 seconds
Platform modules already initialized, skipping
Refreshing native plugins compatible for Editor in 0.41 ms, found 0 plugins.
Preloading 0 native plugins for Editor in 0.00 ms.
Unloading 80 Unused Serialized files (Serialized files now loaded: 0)
System memory in use before: 165.5 MB.
System memory in use after: 165.8 MB.

Unloading 79 unused Assets to reduce memory usage. Loaded Objects now: 2795.
Total: 2.765000 ms (FindLiveObjects: 0.370000 ms CreateObjectMapping: 0.170000 ms MarkObjects: 2.182400 ms  DeleteObjects: 0.041800 ms)

========================================================================
Received Import Request.
  Time since last request: 43.972469 seconds.
  path: Assets/Scripts/Utils.cs
  artifactKey: Guid(d0770e2da319b5444bb3bd3ff3702598) Importer(815301076,1909f56bfc062723c751e8b465ee728b)
Start importing Assets/Scripts/Utils.cs using Guid(d0770e2da319b5444bb3bd3ff3702598) Importer(815301076,1909f56bfc062723c751e8b465ee728b)  -> (artifact id: '3d3aa37550cd3d14bac189c2343cbe6c') in 0.005971 seconds
  Import took 0.020119 seconds .

AssetImportWorkerClient::OnTransportError - code=2 error=End of file
